<?xml version="1.0" encoding="utf-8"?><testsuites name="pytest tests"><testsuite name="pytest" errors="0" failures="0" skipped="0" tests="4" time="11.052" timestamp="2026-02-17T10:46:58.160094+00:00" hostname="agent-env-c68be31c-8068-429a-b4d1-20ab005be879"><testcase classname="backend.tests.test_100ms_integration.Test100msCallIntegration" name="test_call_start_creates_real_100ms_room" time="2.229" /><testcase classname="backend.tests.test_100ms_integration.Test100msCallIntegration" name="test_hms_room_status_endpoint" time="0.499" /><testcase classname="backend.tests.test_100ms_integration.Test100msCallIntegration" name="test_call_end_disables_100ms_room_and_billing" time="4.628" /><testcase classname="backend.tests.test_100ms_integration.Test100msListenerToken" name="test_listener_incoming_token_endpoint" time="3.650" /></testsuite></testsuites>