<?xml version="1.0" encoding="utf-8"?><testsuites name="pytest tests"><testsuite name="pytest" errors="0" failures="28" skipped="0" tests="28" time="3.877" timestamp="2026-02-14T13:59:32.423216+00:00" hostname="agent-env-c68be31c-8068-429a-b4d1-20ab005be879"><testcase classname="tests.test_voicematch_mvp.TestAuthFlow" name="test_send_otp" time="0.001"><failure message="requests.exceptions.MissingSchema: Invalid URL '/api/auth/send-otp': No scheme supplied. Perhaps you meant https:///api/auth/send-otp?">tests/test_voicematch_mvp.py:15: in test_send_otp
    response = api_client.post(f"{BASE_URL}/api/auth/send-otp", json={
/root/.venv/lib/python3.11/site-packages/requests/sessions.py:637: in post
    return self.request("POST", url, data=data, json=json, **kwargs)
           ^^^^^^^^^^^^^^^^^^^^^^^^^^^^^^^^^^^^^^^^^^^^^^^^^^^^^^^^^
/root/.venv/lib/python3.11/site-packages/requests/sessions.py:575: in request
    prep = self.prepare_request(req)
           ^^^^^^^^^^^^^^^^^^^^^^^^^
/root/.venv/lib/python3.11/site-packages/requests/sessions.py:484: in prepare_request
    p.prepare(
/root/.venv/lib/python3.11/site-packages/requests/models.py:367: in prepare
    self.prepare_url(url, params)
/root/.venv/lib/python3.11/site-packages/requests/models.py:438: in prepare_url
    raise MissingSchema(
E   requests.exceptions.MissingSchema: Invalid URL '/api/auth/send-otp': No scheme supplied. Perhaps you meant https:///api/auth/send-otp?</failure></testcase><testcase classname="tests.test_voicematch_mvp.TestAuthFlow" name="test_verify_otp_invalid" time="0.001"><failure message="requests.exceptions.MissingSchema: Invalid URL '/api/auth/verify-otp': No scheme supplied. Perhaps you meant https:///api/auth/verify-otp?">tests/test_voicematch_mvp.py:26: in test_verify_otp_invalid
    response = api_client.post(f"{BASE_URL}/api/auth/verify-otp", json={
/root/.venv/lib/python3.11/site-packages/requests/sessions.py:637: in post
    return self.request("POST", url, data=data, json=json, **kwargs)
           ^^^^^^^^^^^^^^^^^^^^^^^^^^^^^^^^^^^^^^^^^^^^^^^^^^^^^^^^^
/root/.venv/lib/python3.11/site-packages/requests/sessions.py:575: in request
    prep = self.prepare_request(req)
           ^^^^^^^^^^^^^^^^^^^^^^^^^
/root/.venv/lib/python3.11/site-packages/requests/sessions.py:484: in prepare_request
    p.prepare(
/root/.venv/lib/python3.11/site-packages/requests/models.py:367: in prepare
    self.prepare_url(url, params)
/root/.venv/lib/python3.11/site-packages/requests/models.py:438: in prepare_url
    raise MissingSchema(
E   requests.exceptions.MissingSchema: Invalid URL '/api/auth/verify-otp': No scheme supplied. Perhaps you meant https:///api/auth/verify-otp?</failure></testcase><testcase classname="tests.test_voicematch_mvp.TestAuthFlow" name="test_verify_otp_seeker_new_user" time="0.001"><failure message="requests.exceptions.MissingSchema: Invalid URL '/api/auth/verify-otp': No scheme supplied. Perhaps you meant https:///api/auth/verify-otp?">tests/test_voicematch_mvp.py:36: in test_verify_otp_seeker_new_user
    response = api_client.post(f"{BASE_URL}/api/auth/verify-otp", json={
/root/.venv/lib/python3.11/site-packages/requests/sessions.py:637: in post
    return self.request("POST", url, data=data, json=json, **kwargs)
           ^^^^^^^^^^^^^^^^^^^^^^^^^^^^^^^^^^^^^^^^^^^^^^^^^^^^^^^^^
/root/.venv/lib/python3.11/site-packages/requests/sessions.py:575: in request
    prep = self.prepare_request(req)
           ^^^^^^^^^^^^^^^^^^^^^^^^^
/root/.venv/lib/python3.11/site-packages/requests/sessions.py:484: in prepare_request
    p.prepare(
/root/.venv/lib/python3.11/site-packages/requests/models.py:367: in prepare
    self.prepare_url(url, params)
/root/.venv/lib/python3.11/site-packages/requests/models.py:438: in prepare_url
    raise MissingSchema(
E   requests.exceptions.MissingSchema: Invalid URL '/api/auth/verify-otp': No scheme supplied. Perhaps you meant https:///api/auth/verify-otp?</failure></testcase><testcase classname="tests.test_voicematch_mvp.TestAuthFlow" name="test_verify_otp_listener_new_user" time="0.001"><failure message="requests.exceptions.MissingSchema: Invalid URL '/api/auth/verify-otp': No scheme supplied. Perhaps you meant https:///api/auth/verify-otp?">tests/test_voicematch_mvp.py:53: in test_verify_otp_listener_new_user
    response = api_client.post(f"{BASE_URL}/api/auth/verify-otp", json={
/root/.venv/lib/python3.11/site-packages/requests/sessions.py:637: in post
    return self.request("POST", url, data=data, json=json, **kwargs)
           ^^^^^^^^^^^^^^^^^^^^^^^^^^^^^^^^^^^^^^^^^^^^^^^^^^^^^^^^^
/root/.venv/lib/python3.11/site-packages/requests/sessions.py:575: in request
    prep = self.prepare_request(req)
           ^^^^^^^^^^^^^^^^^^^^^^^^^
/root/.venv/lib/python3.11/site-packages/requests/sessions.py:484: in prepare_request
    p.prepare(
/root/.venv/lib/python3.11/site-packages/requests/models.py:367: in prepare
    self.prepare_url(url, params)
/root/.venv/lib/python3.11/site-packages/requests/models.py:438: in prepare_url
    raise MissingSchema(
E   requests.exceptions.MissingSchema: Invalid URL '/api/auth/verify-otp': No scheme supplied. Perhaps you meant https:///api/auth/verify-otp?</failure></testcase><testcase classname="tests.test_voicematch_mvp.TestSeekerOnboarding" name="test_seeker_onboard_no_auth" time="0.001"><failure message="requests.exceptions.MissingSchema: Invalid URL '/api/seekers/onboard': No scheme supplied. Perhaps you meant https:///api/seekers/onboard?">tests/test_voicematch_mvp.py:73: in test_seeker_onboard_no_auth
    response = api_client.post(f"{BASE_URL}/api/seekers/onboard", json={
/root/.venv/lib/python3.11/site-packages/requests/sessions.py:637: in post
    return self.request("POST", url, data=data, json=json, **kwargs)
           ^^^^^^^^^^^^^^^^^^^^^^^^^^^^^^^^^^^^^^^^^^^^^^^^^^^^^^^^^
/root/.venv/lib/python3.11/site-packages/requests/sessions.py:575: in request
    prep = self.prepare_request(req)
           ^^^^^^^^^^^^^^^^^^^^^^^^^
/root/.venv/lib/python3.11/site-packages/requests/sessions.py:484: in prepare_request
    p.prepare(
/root/.venv/lib/python3.11/site-packages/requests/models.py:367: in prepare
    self.prepare_url(url, params)
/root/.venv/lib/python3.11/site-packages/requests/models.py:438: in prepare_url
    raise MissingSchema(
E   requests.exceptions.MissingSchema: Invalid URL '/api/seekers/onboard': No scheme supplied. Perhaps you meant https:///api/seekers/onboard?</failure></testcase><testcase classname="tests.test_voicematch_mvp.TestSeekerOnboarding" name="test_seeker_onboard_success" time="0.001"><failure message="requests.exceptions.MissingSchema: Invalid URL '/api/seekers/onboard': No scheme supplied. Perhaps you meant https:///api/seekers/onboard?">tests/test_voicematch_mvp.py:84: in test_seeker_onboard_success
    response = api_client.post(f"{BASE_URL}/api/seekers/onboard",
/root/.venv/lib/python3.11/site-packages/requests/sessions.py:637: in post
    return self.request("POST", url, data=data, json=json, **kwargs)
           ^^^^^^^^^^^^^^^^^^^^^^^^^^^^^^^^^^^^^^^^^^^^^^^^^^^^^^^^^
/root/.venv/lib/python3.11/site-packages/requests/sessions.py:575: in request
    prep = self.prepare_request(req)
           ^^^^^^^^^^^^^^^^^^^^^^^^^
/root/.venv/lib/python3.11/site-packages/requests/sessions.py:484: in prepare_request
    p.prepare(
/root/.venv/lib/python3.11/site-packages/requests/models.py:367: in prepare
    self.prepare_url(url, params)
/root/.venv/lib/python3.11/site-packages/requests/models.py:438: in prepare_url
    raise MissingSchema(
E   requests.exceptions.MissingSchema: Invalid URL '/api/seekers/onboard': No scheme supplied. Perhaps you meant https:///api/seekers/onboard?</failure></testcase><testcase classname="tests.test_voicematch_mvp.TestSeekerOnboarding" name="test_seeker_profile_get" time="0.000"><failure message="requests.exceptions.MissingSchema: Invalid URL '/api/seekers/profile': No scheme supplied. Perhaps you meant https:///api/seekers/profile?">tests/test_voicematch_mvp.py:101: in test_seeker_profile_get
    response = api_client.get(f"{BASE_URL}/api/seekers/profile",
/root/.venv/lib/python3.11/site-packages/requests/sessions.py:602: in get
    return self.request("GET", url, **kwargs)
           ^^^^^^^^^^^^^^^^^^^^^^^^^^^^^^^^^^
/root/.venv/lib/python3.11/site-packages/requests/sessions.py:575: in request
    prep = self.prepare_request(req)
           ^^^^^^^^^^^^^^^^^^^^^^^^^
/root/.venv/lib/python3.11/site-packages/requests/sessions.py:484: in prepare_request
    p.prepare(
/root/.venv/lib/python3.11/site-packages/requests/models.py:367: in prepare
    self.prepare_url(url, params)
/root/.venv/lib/python3.11/site-packages/requests/models.py:438: in prepare_url
    raise MissingSchema(
E   requests.exceptions.MissingSchema: Invalid URL '/api/seekers/profile': No scheme supplied. Perhaps you meant https:///api/seekers/profile?</failure></testcase><testcase classname="tests.test_voicematch_mvp.TestSeekerOnboarding" name="test_wallet_balance_after_onboarding" time="0.000"><failure message="requests.exceptions.MissingSchema: Invalid URL '/api/wallet/balance': No scheme supplied. Perhaps you meant https:///api/wallet/balance?">tests/test_voicematch_mvp.py:114: in test_wallet_balance_after_onboarding
    response = api_client.get(f"{BASE_URL}/api/wallet/balance",
/root/.venv/lib/python3.11/site-packages/requests/sessions.py:602: in get
    return self.request("GET", url, **kwargs)
           ^^^^^^^^^^^^^^^^^^^^^^^^^^^^^^^^^^
/root/.venv/lib/python3.11/site-packages/requests/sessions.py:575: in request
    prep = self.prepare_request(req)
           ^^^^^^^^^^^^^^^^^^^^^^^^^
/root/.venv/lib/python3.11/site-packages/requests/sessions.py:484: in prepare_request
    p.prepare(
/root/.venv/lib/python3.11/site-packages/requests/models.py:367: in prepare
    self.prepare_url(url, params)
/root/.venv/lib/python3.11/site-packages/requests/models.py:438: in prepare_url
    raise MissingSchema(
E   requests.exceptions.MissingSchema: Invalid URL '/api/wallet/balance': No scheme supplied. Perhaps you meant https:///api/wallet/balance?</failure></testcase><testcase classname="tests.test_voicematch_mvp.TestListenerOnboarding" name="test_listener_onboard_success" time="0.000"><failure message="requests.exceptions.MissingSchema: Invalid URL '/api/listeners/onboard': No scheme supplied. Perhaps you meant https:///api/listeners/onboard?">tests/test_voicematch_mvp.py:129: in test_listener_onboard_success
    response = api_client.post(f"{BASE_URL}/api/listeners/onboard",
/root/.venv/lib/python3.11/site-packages/requests/sessions.py:637: in post
    return self.request("POST", url, data=data, json=json, **kwargs)
           ^^^^^^^^^^^^^^^^^^^^^^^^^^^^^^^^^^^^^^^^^^^^^^^^^^^^^^^^^
/root/.venv/lib/python3.11/site-packages/requests/sessions.py:575: in request
    prep = self.prepare_request(req)
           ^^^^^^^^^^^^^^^^^^^^^^^^^
/root/.venv/lib/python3.11/site-packages/requests/sessions.py:484: in prepare_request
    p.prepare(
/root/.venv/lib/python3.11/site-packages/requests/models.py:367: in prepare
    self.prepare_url(url, params)
/root/.venv/lib/python3.11/site-packages/requests/models.py:438: in prepare_url
    raise MissingSchema(
E   requests.exceptions.MissingSchema: Invalid URL '/api/listeners/onboard': No scheme supplied. Perhaps you meant https:///api/listeners/onboard?</failure></testcase><testcase classname="tests.test_voicematch_mvp.TestListenerOnboarding" name="test_listener_profile_get" time="0.000"><failure message="requests.exceptions.MissingSchema: Invalid URL '/api/listeners/profile': No scheme supplied. Perhaps you meant https:///api/listeners/profile?">tests/test_voicematch_mvp.py:148: in test_listener_profile_get
    response = api_client.get(f"{BASE_URL}/api/listeners/profile",
/root/.venv/lib/python3.11/site-packages/requests/sessions.py:602: in get
    return self.request("GET", url, **kwargs)
           ^^^^^^^^^^^^^^^^^^^^^^^^^^^^^^^^^^
/root/.venv/lib/python3.11/site-packages/requests/sessions.py:575: in request
    prep = self.prepare_request(req)
           ^^^^^^^^^^^^^^^^^^^^^^^^^
/root/.venv/lib/python3.11/site-packages/requests/sessions.py:484: in prepare_request
    p.prepare(
/root/.venv/lib/python3.11/site-packages/requests/models.py:367: in prepare
    self.prepare_url(url, params)
/root/.venv/lib/python3.11/site-packages/requests/models.py:438: in prepare_url
    raise MissingSchema(
E   requests.exceptions.MissingSchema: Invalid URL '/api/listeners/profile': No scheme supplied. Perhaps you meant https:///api/listeners/profile?</failure></testcase><testcase classname="tests.test_voicematch_mvp.TestListenerOnboarding" name="test_listener_toggle_online" time="0.000"><failure message="requests.exceptions.MissingSchema: Invalid URL '/api/listeners/toggle-online': No scheme supplied. Perhaps you meant https:///api/listeners/toggle-online?">tests/test_voicematch_mvp.py:160: in test_listener_toggle_online
    response = api_client.post(f"{BASE_URL}/api/listeners/toggle-online",
/root/.venv/lib/python3.11/site-packages/requests/sessions.py:637: in post
    return self.request("POST", url, data=data, json=json, **kwargs)
           ^^^^^^^^^^^^^^^^^^^^^^^^^^^^^^^^^^^^^^^^^^^^^^^^^^^^^^^^^
/root/.venv/lib/python3.11/site-packages/requests/sessions.py:575: in request
    prep = self.prepare_request(req)
           ^^^^^^^^^^^^^^^^^^^^^^^^^
/root/.venv/lib/python3.11/site-packages/requests/sessions.py:484: in prepare_request
    p.prepare(
/root/.venv/lib/python3.11/site-packages/requests/models.py:367: in prepare
    self.prepare_url(url, params)
/root/.venv/lib/python3.11/site-packages/requests/models.py:438: in prepare_url
    raise MissingSchema(
E   requests.exceptions.MissingSchema: Invalid URL '/api/listeners/toggle-online': No scheme supplied. Perhaps you meant https:///api/listeners/toggle-online?</failure></testcase><testcase classname="tests.test_voicematch_mvp.TestListenerDiscovery" name="test_get_online_listeners" time="0.000"><failure message="requests.exceptions.MissingSchema: Invalid URL '/api/listeners/online': No scheme supplied. Perhaps you meant https:///api/listeners/online?">tests/test_voicematch_mvp.py:178: in test_get_online_listeners
    response = api_client.get(f"{BASE_URL}/api/listeners/online",
/root/.venv/lib/python3.11/site-packages/requests/sessions.py:602: in get
    return self.request("GET", url, **kwargs)
           ^^^^^^^^^^^^^^^^^^^^^^^^^^^^^^^^^^
/root/.venv/lib/python3.11/site-packages/requests/sessions.py:575: in request
    prep = self.prepare_request(req)
           ^^^^^^^^^^^^^^^^^^^^^^^^^
/root/.venv/lib/python3.11/site-packages/requests/sessions.py:484: in prepare_request
    p.prepare(
/root/.venv/lib/python3.11/site-packages/requests/models.py:367: in prepare
    self.prepare_url(url, params)
/root/.venv/lib/python3.11/site-packages/requests/models.py:438: in prepare_url
    raise MissingSchema(
E   requests.exceptions.MissingSchema: Invalid URL '/api/listeners/online': No scheme supplied. Perhaps you meant https:///api/listeners/online?</failure></testcase><testcase classname="tests.test_voicematch_mvp.TestListenerDiscovery" name="test_get_all_listeners" time="0.000"><failure message="requests.exceptions.MissingSchema: Invalid URL '/api/listeners/all': No scheme supplied. Perhaps you meant https:///api/listeners/all?">tests/test_voicematch_mvp.py:195: in test_get_all_listeners
    response = api_client.get(f"{BASE_URL}/api/listeners/all")
               ^^^^^^^^^^^^^^^^^^^^^^^^^^^^^^^^^^^^^^^^^^^^^^^
/root/.venv/lib/python3.11/site-packages/requests/sessions.py:602: in get
    return self.request("GET", url, **kwargs)
           ^^^^^^^^^^^^^^^^^^^^^^^^^^^^^^^^^^
/root/.venv/lib/python3.11/site-packages/requests/sessions.py:575: in request
    prep = self.prepare_request(req)
           ^^^^^^^^^^^^^^^^^^^^^^^^^
/root/.venv/lib/python3.11/site-packages/requests/sessions.py:484: in prepare_request
    p.prepare(
/root/.venv/lib/python3.11/site-packages/requests/models.py:367: in prepare
    self.prepare_url(url, params)
/root/.venv/lib/python3.11/site-packages/requests/models.py:438: in prepare_url
    raise MissingSchema(
E   requests.exceptions.MissingSchema: Invalid URL '/api/listeners/all': No scheme supplied. Perhaps you meant https:///api/listeners/all?</failure></testcase><testcase classname="tests.test_voicematch_mvp.TestListenerDiscovery" name="test_talk_now_matching" time="0.000"><failure message="requests.exceptions.MissingSchema: Invalid URL '/api/match/talk-now': No scheme supplied. Perhaps you meant https:///api/match/talk-now?">tests/test_voicematch_mvp.py:204: in test_talk_now_matching
    response = api_client.post(f"{BASE_URL}/api/match/talk-now",
/root/.venv/lib/python3.11/site-packages/requests/sessions.py:637: in post
    return self.request("POST", url, data=data, json=json, **kwargs)
           ^^^^^^^^^^^^^^^^^^^^^^^^^^^^^^^^^^^^^^^^^^^^^^^^^^^^^^^^^
/root/.venv/lib/python3.11/site-packages/requests/sessions.py:575: in request
    prep = self.prepare_request(req)
           ^^^^^^^^^^^^^^^^^^^^^^^^^
/root/.venv/lib/python3.11/site-packages/requests/sessions.py:484: in prepare_request
    p.prepare(
/root/.venv/lib/python3.11/site-packages/requests/models.py:367: in prepare
    self.prepare_url(url, params)
/root/.venv/lib/python3.11/site-packages/requests/models.py:438: in prepare_url
    raise MissingSchema(
E   requests.exceptions.MissingSchema: Invalid URL '/api/match/talk-now': No scheme supplied. Perhaps you meant https:///api/match/talk-now?</failure></testcase><testcase classname="tests.test_voicematch_mvp.TestWalletAndRecharge" name="test_wallet_recharge_pack_99" time="0.000"><failure message="requests.exceptions.MissingSchema: Invalid URL '/api/wallet/recharge': No scheme supplied. Perhaps you meant https:///api/wallet/recharge?">tests/test_voicematch_mvp.py:225: in test_wallet_recharge_pack_99
    response = api_client.post(f"{BASE_URL}/api/wallet/recharge",
/root/.venv/lib/python3.11/site-packages/requests/sessions.py:637: in post
    return self.request("POST", url, data=data, json=json, **kwargs)
           ^^^^^^^^^^^^^^^^^^^^^^^^^^^^^^^^^^^^^^^^^^^^^^^^^^^^^^^^^
/root/.venv/lib/python3.11/site-packages/requests/sessions.py:575: in request
    prep = self.prepare_request(req)
           ^^^^^^^^^^^^^^^^^^^^^^^^^
/root/.venv/lib/python3.11/site-packages/requests/sessions.py:484: in prepare_request
    p.prepare(
/root/.venv/lib/python3.11/site-packages/requests/models.py:367: in prepare
    self.prepare_url(url, params)
/root/.venv/lib/python3.11/site-packages/requests/models.py:438: in prepare_url
    raise MissingSchema(
E   requests.exceptions.MissingSchema: Invalid URL '/api/wallet/recharge': No scheme supplied. Perhaps you meant https:///api/wallet/recharge?</failure></testcase><testcase classname="tests.test_voicematch_mvp.TestWalletAndRecharge" name="test_wallet_transactions_history" time="0.000"><failure message="requests.exceptions.MissingSchema: Invalid URL '/api/wallet/transactions': No scheme supplied. Perhaps you meant https:///api/wallet/transactions?">tests/test_voicematch_mvp.py:239: in test_wallet_transactions_history
    response = api_client.get(f"{BASE_URL}/api/wallet/transactions",
/root/.venv/lib/python3.11/site-packages/requests/sessions.py:602: in get
    return self.request("GET", url, **kwargs)
           ^^^^^^^^^^^^^^^^^^^^^^^^^^^^^^^^^^
/root/.venv/lib/python3.11/site-packages/requests/sessions.py:575: in request
    prep = self.prepare_request(req)
           ^^^^^^^^^^^^^^^^^^^^^^^^^
/root/.venv/lib/python3.11/site-packages/requests/sessions.py:484: in prepare_request
    p.prepare(
/root/.venv/lib/python3.11/site-packages/requests/models.py:367: in prepare
    self.prepare_url(url, params)
/root/.venv/lib/python3.11/site-packages/requests/models.py:438: in prepare_url
    raise MissingSchema(
E   requests.exceptions.MissingSchema: Invalid URL '/api/wallet/transactions': No scheme supplied. Perhaps you meant https:///api/wallet/transactions?</failure></testcase><testcase classname="tests.test_voicematch_mvp.TestCallFlow" name="test_start_call_insufficient_balance" time="0.000"><failure message="requests.exceptions.MissingSchema: Invalid URL '/api/auth/verify-otp': No scheme supplied. Perhaps you meant https:///api/auth/verify-otp?">tests/test_voicematch_mvp.py:261: in test_start_call_insufficient_balance
    auth_res = api_client.post(f"{BASE_URL}/api/auth/verify-otp", json={
/root/.venv/lib/python3.11/site-packages/requests/sessions.py:637: in post
    return self.request("POST", url, data=data, json=json, **kwargs)
           ^^^^^^^^^^^^^^^^^^^^^^^^^^^^^^^^^^^^^^^^^^^^^^^^^^^^^^^^^
/root/.venv/lib/python3.11/site-packages/requests/sessions.py:575: in request
    prep = self.prepare_request(req)
           ^^^^^^^^^^^^^^^^^^^^^^^^^
/root/.venv/lib/python3.11/site-packages/requests/sessions.py:484: in prepare_request
    p.prepare(
/root/.venv/lib/python3.11/site-packages/requests/models.py:367: in prepare
    self.prepare_url(url, params)
/root/.venv/lib/python3.11/site-packages/requests/models.py:438: in prepare_url
    raise MissingSchema(
E   requests.exceptions.MissingSchema: Invalid URL '/api/auth/verify-otp': No scheme supplied. Perhaps you meant https:///api/auth/verify-otp?</failure></testcase><testcase classname="tests.test_voicematch_mvp.TestCallFlow" name="test_start_call_success" time="0.000"><failure message="requests.exceptions.MissingSchema: Invalid URL '/api/calls/start': No scheme supplied. Perhaps you meant https:///api/calls/start?">tests/test_voicematch_mvp.py:278: in test_start_call_success
    response = api_client.post(f"{BASE_URL}/api/calls/start",
/root/.venv/lib/python3.11/site-packages/requests/sessions.py:637: in post
    return self.request("POST", url, data=data, json=json, **kwargs)
           ^^^^^^^^^^^^^^^^^^^^^^^^^^^^^^^^^^^^^^^^^^^^^^^^^^^^^^^^^
/root/.venv/lib/python3.11/site-packages/requests/sessions.py:575: in request
    prep = self.prepare_request(req)
           ^^^^^^^^^^^^^^^^^^^^^^^^^
/root/.venv/lib/python3.11/site-packages/requests/sessions.py:484: in prepare_request
    p.prepare(
/root/.venv/lib/python3.11/site-packages/requests/models.py:367: in prepare
    self.prepare_url(url, params)
/root/.venv/lib/python3.11/site-packages/requests/models.py:438: in prepare_url
    raise MissingSchema(
E   requests.exceptions.MissingSchema: Invalid URL '/api/calls/start': No scheme supplied. Perhaps you meant https:///api/calls/start?</failure></testcase><testcase classname="tests.test_voicematch_mvp.TestCallFlow" name="test_end_call_success" time="3.001"><failure message="requests.exceptions.MissingSchema: Invalid URL '/api/calls/end': No scheme supplied. Perhaps you meant https:///api/calls/end?">tests/test_voicematch_mvp.py:299: in test_end_call_success
    response = api_client.post(f"{BASE_URL}/api/calls/end",
/root/.venv/lib/python3.11/site-packages/requests/sessions.py:637: in post
    return self.request("POST", url, data=data, json=json, **kwargs)
           ^^^^^^^^^^^^^^^^^^^^^^^^^^^^^^^^^^^^^^^^^^^^^^^^^^^^^^^^^
/root/.venv/lib/python3.11/site-packages/requests/sessions.py:575: in request
    prep = self.prepare_request(req)
           ^^^^^^^^^^^^^^^^^^^^^^^^^
/root/.venv/lib/python3.11/site-packages/requests/sessions.py:484: in prepare_request
    p.prepare(
/root/.venv/lib/python3.11/site-packages/requests/models.py:367: in prepare
    self.prepare_url(url, params)
/root/.venv/lib/python3.11/site-packages/requests/models.py:438: in prepare_url
    raise MissingSchema(
E   requests.exceptions.MissingSchema: Invalid URL '/api/calls/end': No scheme supplied. Perhaps you meant https:///api/calls/end?</failure></testcase><testcase classname="tests.test_voicematch_mvp.TestCallFlow" name="test_wallet_deducted_after_call" time="0.000"><failure message="requests.exceptions.MissingSchema: Invalid URL '/api/wallet/balance': No scheme supplied. Perhaps you meant https:///api/wallet/balance?">tests/test_voicematch_mvp.py:317: in test_wallet_deducted_after_call
    response = api_client.get(f"{BASE_URL}/api/wallet/balance",
/root/.venv/lib/python3.11/site-packages/requests/sessions.py:602: in get
    return self.request("GET", url, **kwargs)
           ^^^^^^^^^^^^^^^^^^^^^^^^^^^^^^^^^^
/root/.venv/lib/python3.11/site-packages/requests/sessions.py:575: in request
    prep = self.prepare_request(req)
           ^^^^^^^^^^^^^^^^^^^^^^^^^
/root/.venv/lib/python3.11/site-packages/requests/sessions.py:484: in prepare_request
    p.prepare(
/root/.venv/lib/python3.11/site-packages/requests/models.py:367: in prepare
    self.prepare_url(url, params)
/root/.venv/lib/python3.11/site-packages/requests/models.py:438: in prepare_url
    raise MissingSchema(
E   requests.exceptions.MissingSchema: Invalid URL '/api/wallet/balance': No scheme supplied. Perhaps you meant https:///api/wallet/balance?</failure></testcase><testcase classname="tests.test_voicematch_mvp.TestCallFlow" name="test_call_history" time="0.000"><failure message="requests.exceptions.MissingSchema: Invalid URL '/api/calls/history': No scheme supplied. Perhaps you meant https:///api/calls/history?">tests/test_voicematch_mvp.py:327: in test_call_history
    response = api_client.get(f"{BASE_URL}/api/calls/history",
/root/.venv/lib/python3.11/site-packages/requests/sessions.py:602: in get
    return self.request("GET", url, **kwargs)
           ^^^^^^^^^^^^^^^^^^^^^^^^^^^^^^^^^^
/root/.venv/lib/python3.11/site-packages/requests/sessions.py:575: in request
    prep = self.prepare_request(req)
           ^^^^^^^^^^^^^^^^^^^^^^^^^
/root/.venv/lib/python3.11/site-packages/requests/sessions.py:484: in prepare_request
    p.prepare(
/root/.venv/lib/python3.11/site-packages/requests/models.py:367: in prepare
    self.prepare_url(url, params)
/root/.venv/lib/python3.11/site-packages/requests/models.py:438: in prepare_url
    raise MissingSchema(
E   requests.exceptions.MissingSchema: Invalid URL '/api/calls/history': No scheme supplied. Perhaps you meant https:///api/calls/history?</failure></testcase><testcase classname="tests.test_voicematch_mvp.TestRatings" name="test_submit_rating" time="0.000"><failure message="requests.exceptions.MissingSchema: Invalid URL '/api/ratings/submit': No scheme supplied. Perhaps you meant https:///api/ratings/submit?">tests/test_voicematch_mvp.py:347: in test_submit_rating
    response = api_client.post(f"{BASE_URL}/api/ratings/submit",
/root/.venv/lib/python3.11/site-packages/requests/sessions.py:637: in post
    return self.request("POST", url, data=data, json=json, **kwargs)
           ^^^^^^^^^^^^^^^^^^^^^^^^^^^^^^^^^^^^^^^^^^^^^^^^^^^^^^^^^
/root/.venv/lib/python3.11/site-packages/requests/sessions.py:575: in request
    prep = self.prepare_request(req)
           ^^^^^^^^^^^^^^^^^^^^^^^^^
/root/.venv/lib/python3.11/site-packages/requests/sessions.py:484: in prepare_request
    p.prepare(
/root/.venv/lib/python3.11/site-packages/requests/models.py:367: in prepare
    self.prepare_url(url, params)
/root/.venv/lib/python3.11/site-packages/requests/models.py:438: in prepare_url
    raise MissingSchema(
E   requests.exceptions.MissingSchema: Invalid URL '/api/ratings/submit': No scheme supplied. Perhaps you meant https:///api/ratings/submit?</failure></testcase><testcase classname="tests.test_voicematch_mvp.TestListenerEarnings" name="test_earnings_dashboard" time="0.000"><failure message="requests.exceptions.MissingSchema: Invalid URL '/api/earnings/dashboard': No scheme supplied. Perhaps you meant https:///api/earnings/dashboard?">tests/test_voicematch_mvp.py:368: in test_earnings_dashboard
    response = api_client.get(f"{BASE_URL}/api/earnings/dashboard",
/root/.venv/lib/python3.11/site-packages/requests/sessions.py:602: in get
    return self.request("GET", url, **kwargs)
           ^^^^^^^^^^^^^^^^^^^^^^^^^^^^^^^^^^
/root/.venv/lib/python3.11/site-packages/requests/sessions.py:575: in request
    prep = self.prepare_request(req)
           ^^^^^^^^^^^^^^^^^^^^^^^^^
/root/.venv/lib/python3.11/site-packages/requests/sessions.py:484: in prepare_request
    p.prepare(
/root/.venv/lib/python3.11/site-packages/requests/models.py:367: in prepare
    self.prepare_url(url, params)
/root/.venv/lib/python3.11/site-packages/requests/models.py:438: in prepare_url
    raise MissingSchema(
E   requests.exceptions.MissingSchema: Invalid URL '/api/earnings/dashboard': No scheme supplied. Perhaps you meant https:///api/earnings/dashboard?</failure></testcase><testcase classname="tests.test_voicematch_mvp.TestListenerEarnings" name="test_withdraw_below_minimum" time="0.000"><failure message="requests.exceptions.MissingSchema: Invalid URL '/api/earnings/withdraw': No scheme supplied. Perhaps you meant https:///api/earnings/withdraw?">tests/test_voicematch_mvp.py:382: in test_withdraw_below_minimum
    response = api_client.post(f"{BASE_URL}/api/earnings/withdraw",
/root/.venv/lib/python3.11/site-packages/requests/sessions.py:637: in post
    return self.request("POST", url, data=data, json=json, **kwargs)
           ^^^^^^^^^^^^^^^^^^^^^^^^^^^^^^^^^^^^^^^^^^^^^^^^^^^^^^^^^
/root/.venv/lib/python3.11/site-packages/requests/sessions.py:575: in request
    prep = self.prepare_request(req)
           ^^^^^^^^^^^^^^^^^^^^^^^^^
/root/.venv/lib/python3.11/site-packages/requests/sessions.py:484: in prepare_request
    p.prepare(
/root/.venv/lib/python3.11/site-packages/requests/models.py:367: in prepare
    self.prepare_url(url, params)
/root/.venv/lib/python3.11/site-packages/requests/models.py:438: in prepare_url
    raise MissingSchema(
E   requests.exceptions.MissingSchema: Invalid URL '/api/earnings/withdraw': No scheme supplied. Perhaps you meant https:///api/earnings/withdraw?</failure></testcase><testcase classname="tests.test_voicematch_mvp.TestAdminPanel" name="test_admin_dashboard" time="0.000"><failure message="requests.exceptions.MissingSchema: Invalid URL '/api/admin/dashboard': No scheme supplied. Perhaps you meant https:///api/admin/dashboard?">tests/test_voicematch_mvp.py:397: in test_admin_dashboard
    response = api_client.get(f"{BASE_URL}/api/admin/dashboard")
               ^^^^^^^^^^^^^^^^^^^^^^^^^^^^^^^^^^^^^^^^^^^^^^^^^
/root/.venv/lib/python3.11/site-packages/requests/sessions.py:602: in get
    return self.request("GET", url, **kwargs)
           ^^^^^^^^^^^^^^^^^^^^^^^^^^^^^^^^^^
/root/.venv/lib/python3.11/site-packages/requests/sessions.py:575: in request
    prep = self.prepare_request(req)
           ^^^^^^^^^^^^^^^^^^^^^^^^^
/root/.venv/lib/python3.11/site-packages/requests/sessions.py:484: in prepare_request
    p.prepare(
/root/.venv/lib/python3.11/site-packages/requests/models.py:367: in prepare
    self.prepare_url(url, params)
/root/.venv/lib/python3.11/site-packages/requests/models.py:438: in prepare_url
    raise MissingSchema(
E   requests.exceptions.MissingSchema: Invalid URL '/api/admin/dashboard': No scheme supplied. Perhaps you meant https:///api/admin/dashboard?</failure></testcase><testcase classname="tests.test_voicematch_mvp.TestAdminPanel" name="test_moderation_queue" time="0.000"><failure message="requests.exceptions.MissingSchema: Invalid URL '/api/admin/moderation-queue': No scheme supplied. Perhaps you meant https:///api/admin/moderation-queue?">tests/test_voicematch_mvp.py:411: in test_moderation_queue
    response = api_client.get(f"{BASE_URL}/api/admin/moderation-queue")
               ^^^^^^^^^^^^^^^^^^^^^^^^^^^^^^^^^^^^^^^^^^^^^^^^^^^^^^^^
/root/.venv/lib/python3.11/site-packages/requests/sessions.py:602: in get
    return self.request("GET", url, **kwargs)
           ^^^^^^^^^^^^^^^^^^^^^^^^^^^^^^^^^^
/root/.venv/lib/python3.11/site-packages/requests/sessions.py:575: in request
    prep = self.prepare_request(req)
           ^^^^^^^^^^^^^^^^^^^^^^^^^
/root/.venv/lib/python3.11/site-packages/requests/sessions.py:484: in prepare_request
    p.prepare(
/root/.venv/lib/python3.11/site-packages/requests/models.py:367: in prepare
    self.prepare_url(url, params)
/root/.venv/lib/python3.11/site-packages/requests/models.py:438: in prepare_url
    raise MissingSchema(
E   requests.exceptions.MissingSchema: Invalid URL '/api/admin/moderation-queue': No scheme supplied. Perhaps you meant https:///api/admin/moderation-queue?</failure></testcase><testcase classname="tests.test_voicematch_mvp.TestMiscAPIs" name="test_get_avatars" time="0.001"><failure message="requests.exceptions.MissingSchema: Invalid URL '/api/avatars': No scheme supplied. Perhaps you meant https:///api/avatars?">tests/test_voicematch_mvp.py:425: in test_get_avatars
    response = api_client.get(f"{BASE_URL}/api/avatars")
               ^^^^^^^^^^^^^^^^^^^^^^^^^^^^^^^^^^^^^^^^^
/root/.venv/lib/python3.11/site-packages/requests/sessions.py:602: in get
    return self.request("GET", url, **kwargs)
           ^^^^^^^^^^^^^^^^^^^^^^^^^^^^^^^^^^
/root/.venv/lib/python3.11/site-packages/requests/sessions.py:575: in request
    prep = self.prepare_request(req)
           ^^^^^^^^^^^^^^^^^^^^^^^^^
/root/.venv/lib/python3.11/site-packages/requests/sessions.py:484: in prepare_request
    p.prepare(
/root/.venv/lib/python3.11/site-packages/requests/models.py:367: in prepare
    self.prepare_url(url, params)
/root/.venv/lib/python3.11/site-packages/requests/models.py:438: in prepare_url
    raise MissingSchema(
E   requests.exceptions.MissingSchema: Invalid URL '/api/avatars': No scheme supplied. Perhaps you meant https:///api/avatars?</failure></testcase><testcase classname="tests.test_voicematch_mvp.TestMiscAPIs" name="test_get_current_user" time="0.001"><failure message="requests.exceptions.MissingSchema: Invalid URL '/api/users/me': No scheme supplied. Perhaps you meant https:///api/users/me?">tests/test_voicematch_mvp.py:438: in test_get_current_user
    response = api_client.get(f"{BASE_URL}/api/users/me",
/root/.venv/lib/python3.11/site-packages/requests/sessions.py:602: in get
    return self.request("GET", url, **kwargs)
           ^^^^^^^^^^^^^^^^^^^^^^^^^^^^^^^^^^
/root/.venv/lib/python3.11/site-packages/requests/sessions.py:575: in request
    prep = self.prepare_request(req)
           ^^^^^^^^^^^^^^^^^^^^^^^^^
/root/.venv/lib/python3.11/site-packages/requests/sessions.py:484: in prepare_request
    p.prepare(
/root/.venv/lib/python3.11/site-packages/requests/models.py:367: in prepare
    self.prepare_url(url, params)
/root/.venv/lib/python3.11/site-packages/requests/models.py:438: in prepare_url
    raise MissingSchema(
E   requests.exceptions.MissingSchema: Invalid URL '/api/users/me': No scheme supplied. Perhaps you meant https:///api/users/me?</failure></testcase></testsuite></testsuites>