<?xml version="1.0" encoding="utf-8"?><testsuites name="pytest tests"><testsuite name="pytest" errors="0" failures="0" skipped="0" tests="7" time="1.301" timestamp="2026-02-14T14:11:00.591080+00:00" hostname="agent-env-c68be31c-8068-429a-b4d1-20ab005be879"><testcase classname="backend.tests.test_gender_auth_flow.TestNewAuthFlow" name="test_verify_otp_new_user_needs_gender" time="0.278" /><testcase classname="backend.tests.test_gender_auth_flow.TestNewAuthFlow" name="test_verify_otp_returning_listener_no_gender_needed" time="0.059" /><testcase classname="backend.tests.test_gender_auth_flow.TestSetGenderEndpoint" name="test_set_gender_male_becomes_seeker" time="0.114" /><testcase classname="backend.tests.test_gender_auth_flow.TestSetGenderEndpoint" name="test_set_gender_female_becomes_listener" time="0.115" /><testcase classname="backend.tests.test_gender_auth_flow.TestSetGenderEndpoint" name="test_set_gender_invalid" time="0.118" /><testcase classname="backend.tests.test_gender_auth_flow.TestCompleteFlows" name="test_new_seeker_flow_male_gender" time="0.271" /><testcase classname="backend.tests.test_gender_auth_flow.TestCompleteFlows" name="test_new_listener_flow_female_gender" time="0.256" /></testsuite></testsuites>