<?xml version="1.0" encoding="utf-8"?><testsuites name="pytest tests"><testsuite name="pytest" errors="0" failures="2" skipped="0" tests="4" time="10.881" timestamp="2026-02-17T10:45:44.686785+00:00" hostname="agent-env-c68be31c-8068-429a-b4d1-20ab005be879"><testcase classname="backend.tests.test_100ms_integration.Test100msCallIntegration" name="test_call_start_creates_real_100ms_room" time="2.197" /><testcase classname="backend.tests.test_100ms_integration.Test100msCallIntegration" name="test_hms_room_status_endpoint" time="1.045"><failure message="AssertionError: Expected 200, got 404: {&quot;detail&quot;:&quot;Room not found&quot;}&#10;assert 404 == 200&#10; +  where 404 = &lt;Response [404]&gt;.status_code">backend/tests/test_100ms_integration.py:79: in test_hms_room_status_endpoint
    assert response.status_code == 200, f"Expected 200, got {response.status_code}: {response.text}"
E   AssertionError: Expected 200, got 404: {"detail":"Room not found"}
E   assert 404 == 200
E    +  where 404 = &lt;Response [404]&gt;.status_code</failure></testcase><testcase classname="backend.tests.test_100ms_integration.Test100msCallIntegration" name="test_call_end_disables_100ms_room_and_billing" time="3.732"><failure message="AssertionError: Expected 200, got 422: {&quot;detail&quot;:[{&quot;type&quot;:&quot;string_type&quot;,&quot;loc&quot;:[&quot;body&quot;,&quot;call_id&quot;],&quot;msg&quot;:&quot;Input should be a valid string&quot;,&quot;input&quot;:null,&quot;url&quot;:&quot;https://errors.pydantic.dev/2.12/v/string_type&quot;}]}&#10;assert 422 == 200&#10; +  where 422 = &lt;Response [422]&gt;.status_code">backend/tests/test_100ms_integration.py:104: in test_call_end_disables_100ms_room_and_billing
    assert response.status_code == 200, f"Expected 200, got {response.status_code}: {response.text}"
E   AssertionError: Expected 200, got 422: {"detail":[{"type":"string_type","loc":["body","call_id"],"msg":"Input should be a valid string","input":null,"url":"https://errors.pydantic.dev/2.12/v/string_type"}]}
E   assert 422 == 200
E    +  where 422 = &lt;Response [422]&gt;.status_code</failure></testcase><testcase classname="backend.tests.test_100ms_integration.Test100msListenerToken" name="test_listener_incoming_token_endpoint" time="3.775" /></testsuite></testsuites>