<?xml version="1.0" encoding="utf-8"?><testsuites name="pytest tests"><testsuite name="pytest" errors="0" failures="0" skipped="0" tests="12" time="88.086" timestamp="2026-02-17T11:02:15.120842+00:00" hostname="agent-env-c68be31c-8068-429a-b4d1-20ab005be879"><testcase classname="test_new_features_billing_referral.TestZeroBalanceOnboarding" name="test_seeker_onboard_zero_balance" time="0.579" /><testcase classname="test_new_features_billing_referral.TestZeroBalanceOnboarding" name="test_wallet_transactions_no_welcome_credit" time="0.363" /><testcase classname="test_new_features_billing_referral.TestNewBillingLogic" name="test_call_under_5_seconds_free" time="5.933" /><testcase classname="test_new_features_billing_referral.TestNewBillingLogic" name="test_call_6_seconds_charges_full_minute" time="9.089" /><testcase classname="test_new_features_billing_referral.TestNewBillingLogic" name="test_call_over_60_seconds_per_second_billing" time="68.240" /><testcase classname="test_new_features_billing_referral.TestReferralSystem" name="test_referral_my_code_generation" time="0.282" /><testcase classname="test_new_features_billing_referral.TestReferralSystem" name="test_referral_apply_code_success" time="0.511" /><testcase classname="test_new_features_billing_referral.TestReferralSystem" name="test_referral_self_referral_prevention" time="0.392" /><testcase classname="test_new_features_billing_referral.TestReferralSystem" name="test_referral_duplicate_application_prevention" time="0.905" /><testcase classname="test_new_features_billing_referral.TestReferralSystem" name="test_referral_my_referrals_list" time="1.093" /><testcase classname="test_new_features_billing_referral.TestReferralSystem" name="test_referral_invalid_code" time="0.250" /><testcase classname="test_new_features_billing_referral.TestReferralSystem" name="test_referral_requires_listener_role" time="0.364" /></testsuite></testsuites>