<?xml version="1.0" encoding="utf-8"?><testsuites name="pytest tests"><testsuite name="pytest" errors="0" failures="0" skipped="0" tests="28" time="4.873" timestamp="2026-02-14T13:59:54.693421+00:00" hostname="agent-env-c68be31c-8068-429a-b4d1-20ab005be879"><testcase classname="tests.test_voicematch_mvp.TestAuthFlow" name="test_send_otp" time="0.212" /><testcase classname="tests.test_voicematch_mvp.TestAuthFlow" name="test_verify_otp_invalid" time="0.048" /><testcase classname="tests.test_voicematch_mvp.TestAuthFlow" name="test_verify_otp_seeker_new_user" time="0.050" /><testcase classname="tests.test_voicematch_mvp.TestAuthFlow" name="test_verify_otp_listener_new_user" time="0.049" /><testcase classname="tests.test_voicematch_mvp.TestSeekerOnboarding" name="test_seeker_onboard_no_auth" time="0.050" /><testcase classname="tests.test_voicematch_mvp.TestSeekerOnboarding" name="test_seeker_onboard_success" time="0.050" /><testcase classname="tests.test_voicematch_mvp.TestSeekerOnboarding" name="test_seeker_profile_get" time="0.054" /><testcase classname="tests.test_voicematch_mvp.TestSeekerOnboarding" name="test_wallet_balance_after_onboarding" time="0.050" /><testcase classname="tests.test_voicematch_mvp.TestListenerOnboarding" name="test_listener_onboard_success" time="0.053" /><testcase classname="tests.test_voicematch_mvp.TestListenerOnboarding" name="test_listener_profile_get" time="0.086" /><testcase classname="tests.test_voicematch_mvp.TestListenerOnboarding" name="test_listener_toggle_online" time="0.073" /><testcase classname="tests.test_voicematch_mvp.TestListenerDiscovery" name="test_get_online_listeners" time="0.053" /><testcase classname="tests.test_voicematch_mvp.TestListenerDiscovery" name="test_get_all_listeners" time="0.049" /><testcase classname="tests.test_voicematch_mvp.TestListenerDiscovery" name="test_talk_now_matching" time="0.069" /><testcase classname="tests.test_voicematch_mvp.TestWalletAndRecharge" name="test_wallet_recharge_pack_99" time="0.048" /><testcase classname="tests.test_voicematch_mvp.TestWalletAndRecharge" name="test_wallet_transactions_history" time="0.051" /><testcase classname="tests.test_voicematch_mvp.TestCallFlow" name="test_start_call_insufficient_balance" time="0.101" /><testcase classname="tests.test_voicematch_mvp.TestCallFlow" name="test_start_call_success" time="0.074" /><testcase classname="tests.test_voicematch_mvp.TestCallFlow" name="test_end_call_success" time="3.061" /><testcase classname="tests.test_voicematch_mvp.TestCallFlow" name="test_wallet_deducted_after_call" time="0.055" /><testcase classname="tests.test_voicematch_mvp.TestCallFlow" name="test_call_history" time="0.051" /><testcase classname="tests.test_voicematch_mvp.TestRatings" name="test_submit_rating" time="0.065" /><testcase classname="tests.test_voicematch_mvp.TestListenerEarnings" name="test_earnings_dashboard" time="0.057" /><testcase classname="tests.test_voicematch_mvp.TestListenerEarnings" name="test_withdraw_below_minimum" time="0.049" /><testcase classname="tests.test_voicematch_mvp.TestAdminPanel" name="test_admin_dashboard" time="0.053" /><testcase classname="tests.test_voicematch_mvp.TestAdminPanel" name="test_moderation_queue" time="0.047" /><testcase classname="tests.test_voicematch_mvp.TestMiscAPIs" name="test_get_avatars" time="0.050" /><testcase classname="tests.test_voicematch_mvp.TestMiscAPIs" name="test_get_current_user" time="0.052" /></testsuite></testsuites>